<?xml version="1.0" encoding="UTF-8"?>
<!-- Generated by org.testng.reporters.JUnitXMLReporter -->
<testsuite ignored="2" hostname="salimsouidi" failures="0" tests="2" name="Login and Add to Cart Test" time="3.67" errors="0" timestamp="2024-08-13T15:39:11 GMT+01:00">
  <testcase classname="tests.LoginPageTest" name="loginTest" time="0.425"/>
  <testcase classname="tests.AddItemToCartTest" name="addItemToCartTest" time="0.199"/>
  <testcase classname="tests.BaseTest" name="@AfterTest tearDown" time="0.0">
    <ignored/>
  </testcase> <!-- @AfterTest tearDown -->
  <testcase classname="tests.BaseTest" name="@BeforeTest setUp" time="0.0">
    <ignored/>
  </testcase> <!-- @BeforeTest setUp -->
</testsuite> <!-- Login and Add to Cart Test -->
