<?xml version="1.0" encoding="UTF-8"?>
<testng-results ignored="0" total="2" passed="2" failed="0" skipped="0">
  <reporter-output>
  </reporter-output>
  <suite started-at="2024-08-13T15:39:07 GMT+01:00" name="First Suite" finished-at="2024-08-13T15:39:11 GMT+01:00" duration-ms="3670">
    <groups>
    </groups>
    <test started-at="2024-08-13T15:39:07 GMT+01:00" name="Login and Add to Cart Test" finished-at="2024-08-13T15:39:11 GMT+01:00" duration-ms="3670">
      <class name="tests.AddItemToCartTest">
        <test-method signature="addItemToCartTest()[pri:0, instance:tests.AddItemToCartTest@1ea9f6af]" started-at="2024-08-13T15:39:10 GMT+01:00" name="addItemToCartTest" finished-at="2024-08-13T15:39:11 GMT+01:00" duration-ms="199" status="PASS">
          <reporter-output>
          </reporter-output>
        </test-method> <!-- addItemToCartTest -->
      </class> <!-- tests.AddItemToCartTest -->
      <class name="tests.LoginPageTest">
        <test-method is-config="true" signature="setUp()[pri:0, instance:tests.LoginPageTest@291ae]" started-at="2024-08-13T15:39:07 GMT+01:00" name="setUp" finished-at="2024-08-13T15:39:10 GMT+01:00" duration-ms="2808" status="PASS">
          <reporter-output>
          </reporter-output>
        </test-method> <!-- setUp -->
        <test-method signature="loginTest(java.lang.String,java.lang.String)[pri:1, instance:tests.LoginPageTest@291ae]" started-at="2024-08-13T15:39:10 GMT+01:00" name="loginTest" data-provider="userData" finished-at="2024-08-13T15:39:10 GMT+01:00" duration-ms="425" status="PASS">
          <params>
            <param index="0">
              <value>
                <![CDATA[standard_user]]>
              </value>
            </param>
            <param index="1">
              <value>
                <![CDATA[secret_sauce]]>
              </value>
            </param>
          </params>
          <reporter-output>
          </reporter-output>
        </test-method> <!-- loginTest -->
        <test-method is-config="true" signature="tearDown()[pri:0, instance:tests.LoginPageTest@291ae]" started-at="2024-08-13T15:39:11 GMT+01:00" name="tearDown" finished-at="2024-08-13T15:39:11 GMT+01:00" duration-ms="190" status="PASS">
          <reporter-output>
          </reporter-output>
        </test-method> <!-- tearDown -->
      </class> <!-- tests.LoginPageTest -->
    </test> <!-- Login and Add to Cart Test -->
  </suite> <!-- First Suite -->
</testng-results>
