<?xml version="1.0" encoding="UTF-8"?>
<testng-results ignored="0" total="1" passed="1" failed="0" skipped="0">
  <reporter-output>
  </reporter-output>
  <suite started-at="2024-08-15T23:24:56 GMT+01:00" name="Default suite" finished-at="2024-08-15T23:25:05 GMT+01:00" duration-ms="8262">
    <groups>
    </groups>
    <test started-at="2024-08-15T23:24:56 GMT+01:00" name="Default test" finished-at="2024-08-15T23:25:05 GMT+01:00" duration-ms="8262">
      <class name="tests.LoginPageTest">
        <test-method is-config="true" signature="setUp()[pri:0, instance:tests.LoginPageTest@55141def]" started-at="2024-08-15T23:24:56 GMT+01:00" name="setUp" finished-at="2024-08-15T23:25:04 GMT+01:00" duration-ms="7468" status="PASS">
          <reporter-output>
          </reporter-output>
        </test-method> <!-- setUp -->
        <test-method signature="loginTest(java.lang.String,java.lang.String)[pri:1, instance:tests.LoginPageTest@55141def]" started-at="2024-08-15T23:25:04 GMT+01:00" name="loginTest" data-provider="userData" finished-at="2024-08-15T23:25:04 GMT+01:00" duration-ms="469" status="PASS">
          <params>
            <param index="0">
              <value>
                <![CDATA[standard_user]]>
              </value>
            </param>
            <param index="1">
              <value>
                <![CDATA[secret_sauce]]>
              </value>
            </param>
          </params>
          <reporter-output>
          </reporter-output>
        </test-method> <!-- loginTest -->
        <test-method is-config="true" signature="tearDown()[pri:0, instance:tests.LoginPageTest@55141def]" started-at="2024-08-15T23:25:04 GMT+01:00" name="tearDown" finished-at="2024-08-15T23:25:05 GMT+01:00" duration-ms="271" status="PASS">
          <reporter-output>
          </reporter-output>
        </test-method> <!-- tearDown -->
      </class> <!-- tests.LoginPageTest -->
    </test> <!-- Default test -->
  </suite> <!-- Default suite -->
</testng-results>
